#
# There is insufficient memory for the Java Runtime Environment to continue.
# Native memory allocation (mmap) failed to map 8589934592 bytes for G1 virtual space
# Possible reasons:
#   The system is out of physical RAM or swap space
#   The process is running with CompressedOops enabled, and the Java Heap may be blocking the growth of the native heap
# Possible solutions:
#   Reduce memory load on the system
#   Increase physical memory or swap space
#   Check if swap backing store is full
#   Decrease Java heap size (-Xmx/-Xms)
#   Decrease number of Java threads
#   Decrease Java thread stack sizes (-Xss)
#   Set larger code cache with -XX:ReservedCodeCacheSize=
#   JVM is running with Zero Based Compressed Oops mode in which the Java heap is
#     placed in the first 32GB address space. The Java Heap base address is the
#     maximum limit for the native heap growth. Please use -XX:HeapBaseMinAddress
#     to set the Java Heap base and to place the Java Heap above 32GB virtual address.
# This output file may be truncated or incomplete.
#
#  Out of Memory Error (os_windows.cpp:3469), pid=5160, tid=4824
#
# JRE version:  (17.0.1+12) (build )
# Java VM: OpenJDK 64-Bit Server VM (17.0.1+12-39, mixed mode, sharing, tiered, compressed oops, compressed class ptrs, g1 gc, windows-amd64)
# No core dump will be written. Minidumps are not enabled by default on client versions of Windows
#

---------------  S U M M A R Y ------------

Command Line: -Xmx16G -Xms8G -javaagent:C:\Users\david\AppData\Local\JetBrains\Toolbox\apps\IDEA-C\ch-0\213.6777.52\lib\idea_rt.jar=50816:C:\Users\david\AppData\Local\JetBrains\Toolbox\apps\IDEA-C\ch-0\213.6777.52\bin -Dfile.encoding=UTF-8 Main

Host: AMD Ryzen 7 5800X 8-Core Processor             , 16 cores, 15G,  Windows 10 , 64 bit Build 22000 (10.0.22000.434)
Time: Tue Feb  8 22:59:30 2022 Romance Standard Time elapsed time: 3.772479 seconds (0d 0h 0m 3s)

---------------  T H R E A D  ---------------

Current thread (0x000001898ece1130):  JavaThread "Unknown thread" [_thread_in_vm, id=4824, stack(0x0000003b0db00000,0x0000003b0dc00000)]

Stack: [0x0000003b0db00000,0x0000003b0dc00000]
Native frames: (J=compiled Java code, j=interpreted, Vv=VM code, C=native code)
V  [jvm.dll+0x66fa1a]
V  [jvm.dll+0x7ce5a4]
V  [jvm.dll+0x7cfd4e]
V  [jvm.dll+0x7d03b3]
V  [jvm.dll+0x242b05]
V  [jvm.dll+0x66ca39]
V  [jvm.dll+0x661502]
V  [jvm.dll+0x30081b]
V  [jvm.dll+0x307da6]
V  [jvm.dll+0x357a1e]
V  [jvm.dll+0x357c4f]
V  [jvm.dll+0x2d7ad8]
V  [jvm.dll+0x2d8a44]
V  [jvm.dll+0x7a01e1]
V  [jvm.dll+0x365791]
V  [jvm.dll+0x77f6cc]
V  [jvm.dll+0x3e812f]
V  [jvm.dll+0x3e9bd1]
C  [jli.dll+0x527b]
C  [ucrtbase.dll+0x26c0c]
C  [KERNEL32.DLL+0x154e0]
C  [ntdll.dll+0x485b]


---------------  P R O C E S S  ---------------

Threads class SMR info:
_java_thread_list=0x00007fffb7137818, length=0, elements={
}

Java Threads: ( => current thread )

Other Threads:
  0x000001898ed98910 GCTaskThread "GC Thread#0" [stack: 0x0000003b0dc00000,0x0000003b0dd00000] [id=19512]
  0x000001898eda9850 ConcurrentGCThread "G1 Main Marker" [stack: 0x0000003b0dd00000,0x0000003b0de00000] [id=19268]
  0x000001898edaaa00 ConcurrentGCThread "G1 Conc#0" [stack: 0x0000003b0de00000,0x0000003b0df00000] [id=18164]

[error occurred during error reporting (printing all threads), id 0xc0000005, EXCEPTION_ACCESS_VIOLATION (0xc0000005) at pc=0x00007fffb69884b7]

VM state: not at safepoint (not fully initialized)

VM Mutex/Monitor currently owned by a thread:  ([mutex/lock_event])
[0x000001898ecdc3f0] Heap_lock - owner thread: 0x000001898ece1130

Heap address: 0x0000000400000000, size: 16384 MB, Compressed Oops mode: Zero based, Oop shift amount: 3

CDS archive(s) mapped at: [0x0000000000000000-0x0000000000000000-0x0000000000000000), size 0, SharedBaseAddress: 0x0000000800000000, ArchiveRelocationMode: 0.
Narrow klass base: 0x0000000000000000, Narrow klass shift: 0, Narrow klass range: 0x0

GC Precious Log:
<Empty>

Heap:
 garbage-first heap   total 0K, used 0K [0x0000000400000000, 0x0000000800000000)
  region size 8192K, 0 young (0K), 0 survivors (0K)

[error occurred during error reporting (printing heap information), id 0xc0000005, EXCEPTION_ACCESS_VIOLATION (0xc0000005) at pc=0x00007fffb6d68d89]

GC Heap History (0 events):
No events

Deoptimization events (0 events):
No events

Classes unloaded (0 events):
No events

Classes redefined (0 events):
No events

Internal exceptions (0 events):
No events

VM Operations (0 events):
No events

Events (1 events):
Event: 0.003 Loaded shared library C:\Users\david\.jdks\openjdk-17.0.1\bin\java.dll


Dynamic libraries:
0x00007ff6f5320000 - 0x00007ff6f532e000 	C:\Users\david\.jdks\openjdk-17.0.1\bin\java.exe
0x00007ff81a4e0000 - 0x00007ff81a6e7000 	C:\WINDOWS\SYSTEM32\ntdll.dll
0x00007ff81a250000 - 0x00007ff81a30d000 	C:\WINDOWS\System32\KERNEL32.DLL
0x00007ff817c00000 - 0x00007ff817f74000 	C:\WINDOWS\System32\KERNELBASE.dll
0x00007ff8179d0000 - 0x00007ff817ae1000 	C:\WINDOWS\System32\ucrtbase.dll
0x00007ff810ea0000 - 0x00007ff810eb8000 	C:\Users\david\.jdks\openjdk-17.0.1\bin\jli.dll
0x00007ff810f50000 - 0x00007ff810f6a000 	C:\Users\david\.jdks\openjdk-17.0.1\bin\VCRUNTIME140.dll
0x00007ff818380000 - 0x00007ff81852c000 	C:\WINDOWS\System32\USER32.dll
0x00007ff8086d0000 - 0x00007ff808975000 	C:\WINDOWS\WinSxS\amd64_microsoft.windows.common-controls_6595b64144ccf1df_6.0.22000.120_none_9d947278b86cc467\COMCTL32.dll
0x00007ff818350000 - 0x00007ff818376000 	C:\WINDOWS\System32\win32u.dll
0x00007ff819cd0000 - 0x00007ff819d73000 	C:\WINDOWS\System32\msvcrt.dll
0x00007ff81a380000 - 0x00007ff81a3a9000 	C:\WINDOWS\System32\GDI32.dll
0x00007ff818040000 - 0x00007ff818152000 	C:\WINDOWS\System32\gdi32full.dll
0x00007ff817b60000 - 0x00007ff817bfd000 	C:\WINDOWS\System32\msvcp_win.dll
0x00007ff818dc0000 - 0x00007ff818df1000 	C:\WINDOWS\System32\IMM32.DLL
0x00007ff814730000 - 0x00007ff81473c000 	C:\Users\david\.jdks\openjdk-17.0.1\bin\vcruntime140_1.dll
0x00007ff80c480000 - 0x00007ff80c50d000 	C:\Users\david\.jdks\openjdk-17.0.1\bin\msvcp140.dll
0x00007fffb66a0000 - 0x00007fffb725e000 	C:\Users\david\.jdks\openjdk-17.0.1\bin\server\jvm.dll
0x00007ff818d10000 - 0x00007ff818dbe000 	C:\WINDOWS\System32\ADVAPI32.dll
0x00007ff81a140000 - 0x00007ff81a1de000 	C:\WINDOWS\System32\sechost.dll
0x00007ff8197f0000 - 0x00007ff819910000 	C:\WINDOWS\System32\RPCRT4.dll
0x00007ff81a100000 - 0x00007ff81a108000 	C:\WINDOWS\System32\PSAPI.DLL
0x00007ff80c3a0000 - 0x00007ff80c3d3000 	C:\WINDOWS\SYSTEM32\WINMM.dll
0x00007ff800000000 - 0x00007ff800009000 	C:\WINDOWS\SYSTEM32\WSOCK32.dll
0x00007ff812680000 - 0x00007ff81268a000 	C:\WINDOWS\SYSTEM32\VERSION.dll
0x00007ff81a310000 - 0x00007ff81a37f000 	C:\WINDOWS\System32\WS2_32.dll
0x00007ff816a90000 - 0x00007ff816aa8000 	C:\WINDOWS\SYSTEM32\kernel.appcore.dll
0x00007ff814580000 - 0x00007ff81458a000 	C:\Users\david\.jdks\openjdk-17.0.1\bin\jimage.dll
0x00007ff80b750000 - 0x00007ff80b971000 	C:\WINDOWS\SYSTEM32\DBGHELP.DLL
0x00007ff801f00000 - 0x00007ff801f31000 	C:\WINDOWS\SYSTEM32\dbgcore.DLL
0x00007ff818160000 - 0x00007ff8181df000 	C:\WINDOWS\System32\bcryptPrimitives.dll
0x00007ff80fae0000 - 0x00007ff80faee000 	C:\Users\david\.jdks\openjdk-17.0.1\bin\instrument.dll
0x00007ff810e70000 - 0x00007ff810e95000 	C:\Users\david\.jdks\openjdk-17.0.1\bin\java.dll

dbghelp: loaded successfully - version: 4.0.5 - missing functions: none
symbol engine: initialized successfully - sym options: 0x614 - pdb path: .;C:\Users\david\.jdks\openjdk-17.0.1\bin;C:\WINDOWS\SYSTEM32;C:\WINDOWS\WinSxS\amd64_microsoft.windows.common-controls_6595b64144ccf1df_6.0.22000.120_none_9d947278b86cc467;C:\Users\david\.jdks\openjdk-17.0.1\bin\server

VM Arguments:
jvm_args: -Xmx16G -Xms8G -javaagent:C:\Users\david\AppData\Local\JetBrains\Toolbox\apps\IDEA-C\ch-0\213.6777.52\lib\idea_rt.jar=50816:C:\Users\david\AppData\Local\JetBrains\Toolbox\apps\IDEA-C\ch-0\213.6777.52\bin -Dfile.encoding=UTF-8 
java_command: Main
java_class_path (initial): C:\Users\david\IdeaProjects\Labyrinths\out\production\Labyrinths;C:\Users\david\.m2\repository\com\alexdupre\pngj\2.1.2.1\pngj-2.1.2.1.jar;C:\Users\david\.m2\repository\org\slf4j\slf4j-api\1.7.30\slf4j-api-1.7.30.jar
Launcher Type: SUN_STANDARD

[Global flags]
     intx CICompilerCount                          = 12                                        {product} {ergonomic}
     uint ConcGCThreads                            = 3                                         {product} {ergonomic}
     uint G1ConcRefinementThreads                  = 13                                        {product} {ergonomic}
   size_t G1HeapRegionSize                         = 8388608                                   {product} {ergonomic}
    uintx GCDrainStackTargetSize                   = 64                                        {product} {ergonomic}
   size_t InitialHeapSize                          = 8589934592                                {product} {command line}
   size_t MarkStackSize                            = 4194304                                   {product} {ergonomic}
   size_t MaxHeapSize                              = 17179869184                               {product} {command line}
   size_t MinHeapDeltaBytes                        = 8388608                                   {product} {ergonomic}
   size_t MinHeapSize                              = 8589934592                                {product} {command line}
    uintx NonNMethodCodeHeapSize                   = 7602480                                {pd product} {ergonomic}
    uintx NonProfiledCodeHeapSize                  = 122027880                              {pd product} {ergonomic}
    uintx ProfiledCodeHeapSize                     = 122027880                              {pd product} {ergonomic}
    uintx ReservedCodeCacheSize                    = 251658240                              {pd product} {ergonomic}
     bool SegmentedCodeCache                       = true                                      {product} {ergonomic}
   size_t SoftMaxHeapSize                          = 17179869184                            {manageable} {ergonomic}
     bool UseCompressedClassPointers               = true                           {product lp64_product} {ergonomic}
     bool UseCompressedOops                        = true                           {product lp64_product} {ergonomic}
     bool UseG1GC                                  = true                                      {product} {ergonomic}
     bool UseLargePagesIndividualAllocation        = false                                  {pd product} {ergonomic}

Logging:
Log output configuration:
 #0: stdout all=warning uptime,level,tags
 #1: stderr all=off uptime,level,tags

Environment Variables:
PATH=C:\Program Files\NVIDIA GPU Computing Toolkit\CUDA\v11.6\bin;C:\Program Files\NVIDIA GPU Computing Toolkit\CUDA\v11.6\libnvvp;;;C:\Program Files\Common Files\Oracle\Java\javapath;C:\Windows\system32;C:\Windows;C:\Windows\System32\Wbem;C:\Windows\System32\WindowsPowerShell\v1.0\;C:\Windows\System32\OpenSSH\;C:\Program Files (x86)\ATI Technologies\ATI.ACE\Core-Static;C:\Program Files\Intel\WiFi\bin\;C:\Program Files\Common Files\Intel\WirelessCommon\;C:\Program Files (x86)\NVIDIA Corporation\PhysX\Common;C:\Program Files\NVIDIA Corporation\NVIDIA NvDLISR;C:\Program Files\mingw-w64\x86_64-8.1.0-posix-seh-rt_v6-rev0\mingw64\bin;C:\WINDOWS\system32;C:\WINDOWS;C:\WINDOWS\System32\Wbem;C:\WINDOWS\System32\WindowsPowerShell\v1.0\;C:\WINDOWS\System32\OpenSSH\;C:\Users\david\AppData\Local\Programs\Python\Python310\Scripts\;C:\Users\david\AppData\Local\Programs\Python\Python310\;C:\Users\david\AppData\Local\Microsoft\WindowsApps;C:\Users\david\AppData\Local\GitHubDesktop\bin;C:\Users\david\AppData\Local\atom\bin;C:\Users\david\AppData\Local\Microsoft\WindowsApps;C:\adb;C:\Program Files\NVIDIA Corporation\Nsight Compute 2022.1.0\;C:\Program Files\Git\cmd;C:\Program Files\CMake\bin;C:\Users\david\AppData\Local\Programs\Python\Python310\Scripts\;C:\Users\david\AppData\Local\Programs\Python\Python310\;C:\Users\david\AppData\Local\Microsoft\WindowsApps;C:\Users\david\AppData\Local\GitHubDesktop\bin;C:\Users\david\AppData\Local\atom\bin;C:\Program Files\Intel\WiFi\bin\;C:\Program Files\Common Files\Intel\WirelessCommon\;C:\Users\david\AppData\Local\Microsoft\WindowsApps;
USERNAME=david
OS=Windows_NT
PROCESSOR_IDENTIFIER=AMD64 Family 25 Model 33 Stepping 0, AuthenticAMD



---------------  S Y S T E M  ---------------

OS:
 Windows 10 , 64 bit Build 22000 (10.0.22000.434)
OS uptime: 0 days 23:35 hours
Hyper-V role detected

CPU: total 16 (initial active 16) (16 cores per cpu, 2 threads per core) family 25 model 33 stepping 0 microcode 0x0, cx8, cmov, fxsr, ht, mmx, 3dnowpref, sse, sse2, sse3, ssse3, sse4a, sse4.1, sse4.2, popcnt, lzcnt, tsc, tscinvbit, avx, avx2, aes, erms, clmul, bmi1, bmi2, adx, sha, fma, vzeroupper, clflush, clflushopt, hv

Memory: 4k page, system-wide physical 16309M (7667M free)
TotalPageFile size 19500M (AvailPageFile size 8271M)
current process WorkingSet (physical memory assigned to process): 11M, peak: 11M
current process commit charge ("private bytes"): 71M, peak: 8263M

vm_info: OpenJDK 64-Bit Server VM (17.0.1+12-39) for windows-amd64 JRE (17.0.1+12-39), built on Sep 27 2021 18:39:29 by "mach5one" with MS VC++ 16.8 (VS2019)

END.
